[16:56:15] [ServerMain/INFO]: Environment: Environment[sessionHost=https://sessionserver.mojang.com, servicesHost=https://api.minecraftservices.com, name=PROD]
[16:56:18] [ServerMain/INFO]: Loaded 1370 recipes
[16:56:18] [ServerMain/INFO]: Loaded 1481 advancements
[16:56:18] [Server thread/INFO]: Starting minecraft server version 1.21.4
[16:56:18] [Server thread/INFO]: Loading properties
[16:56:18] [Server thread/INFO]: Default game type: SURVIVAL
[16:56:18] [Server thread/INFO]: Generating keypair
[16:56:18] [Server thread/INFO]: Starting Minecraft server on *:25565
[16:56:18] [Server thread/INFO]: Using default channel type
[16:56:18] [Server thread/INFO]: Preparing level "world"
[16:56:18] [Server thread/INFO]: Preparing start region for dimension minecraft:overworld
[16:56:19] [Worker-Main-7/INFO]: Preparing spawn area: 0%
[16:56:19] [Worker-Main-7/INFO]: Preparing spawn area: 0%
[16:56:19] [Worker-Main-7/INFO]: Preparing spawn area: 0%
[16:56:20] [Server thread/INFO]: Time elapsed: 1289 ms
[16:56:20] [Server thread/INFO]: Done (1.544s)! For help, type "help"
[16:56:20] [Server thread/INFO]: There are 0 of a max of 20 players online: 
[16:57:20] [Server thread/INFO]: Server empty for 60 seconds, pausing
[17:00:27] [User Authenticator #1/INFO]: UUID of player luffysan85 is 4a5f8d7c-0559-4e1b-a26d-9c3dbabad323
[17:00:29] [Server thread/INFO]: luffysan85[/192.168.1.38:62538] logged in with entity id 66 at (23.279631062426795, 62.0, 25.94933194224749)
[17:00:29] [Server thread/INFO]: luffysan85 joined the game
[17:01:03] [Server thread/INFO]: There are 1 of a max of 20 players online: luffysan85
[17:01:12] [Server thread/INFO]: Stopping the server
[17:01:12] [Server thread/INFO]: Stopping server
[17:01:12] [Server thread/INFO]: Saving players
[17:01:12] [Server thread/INFO]: Saving worlds
[17:01:12] [Server thread/INFO]: Saving chunks for level 'ServerLevel[world]'/minecraft:overworld
[17:01:12] [Server thread/INFO]: Saving chunks for level 'ServerLevel[world]'/minecraft:the_end
[17:01:12] [Server thread/INFO]: Saving chunks for level 'ServerLevel[world]'/minecraft:the_nether
[17:01:12] [Server thread/INFO]: ThreadedAnvilChunkStorage (world): All chunks are saved
[17:01:12] [Server thread/INFO]: ThreadedAnvilChunkStorage (DIM1): All chunks are saved
[17:01:12] [Server thread/INFO]: ThreadedAnvilChunkStorage (DIM-1): All chunks are saved
[17:01:12] [Server thread/INFO]: ThreadedAnvilChunkStorage: All dimensions are saved
