[19:08:57] [ServerMain/INFO]: Environment: Environment[sessionHost=https://sessionserver.mojang.com, servicesHost=https://api.minecraftservices.com, name=PROD]
[19:08:59] [ServerMain/INFO]: Loaded 1370 recipes
[19:08:59] [ServerMain/INFO]: Loaded 1481 advancements
[19:08:59] [Server thread/INFO]: Starting minecraft server version 1.21.4
[19:08:59] [Server thread/INFO]: Loading properties
[19:08:59] [Server thread/INFO]: Default game type: SURVIVAL
[19:08:59] [Server thread/INFO]: Generating keypair
[19:08:59] [Server thread/INFO]: Starting Minecraft server on *:25565
[19:09:00] [Server thread/INFO]: Using default channel type
[19:09:00] [Server thread/INFO]: Preparing level "world"
[19:09:00] [Server thread/INFO]: Preparing start region for dimension minecraft:overworld
[19:09:01] [Worker-Main-3/INFO]: Preparing spawn area: 0%
[19:09:01] [Worker-Main-3/INFO]: Preparing spawn area: 0%
[19:09:01] [Worker-Main-3/INFO]: Preparing spawn area: 0%
[19:09:02] [Server thread/INFO]: Time elapsed: 1381 ms
[19:09:02] [Server thread/INFO]: Done (1.756s)! For help, type "help"
[19:09:02] [Server thread/INFO]: There are 0 of a max of 20 players online: 
[19:09:26] [Server thread/INFO]: There are 0 of a max of 20 players online: 
[19:09:36] [Server thread/INFO]: Stopping the server
[19:09:36] [Server thread/INFO]: Stopping server
[19:09:36] [Server thread/INFO]: Saving players
[19:09:36] [Server thread/INFO]: Saving worlds
[19:09:36] [Server thread/INFO]: Saving chunks for level 'ServerLevel[world]'/minecraft:overworld
[19:09:36] [Server thread/INFO]: Saving chunks for level 'ServerLevel[world]'/minecraft:the_nether
[19:09:36] [Server thread/INFO]: Saving chunks for level 'ServerLevel[world]'/minecraft:the_end
[19:09:36] [Server thread/INFO]: ThreadedAnvilChunkStorage (world): All chunks are saved
[19:09:36] [Server thread/INFO]: ThreadedAnvilChunkStorage (DIM-1): All chunks are saved
[19:09:36] [Server thread/INFO]: ThreadedAnvilChunkStorage (DIM1): All chunks are saved
[19:09:36] [Server thread/INFO]: ThreadedAnvilChunkStorage: All dimensions are saved
