[20:54:24] [ServerMain/INFO]: Environment: Environment[sessionHost=https://sessionserver.mojang.com, servicesHost=https://api.minecraftservices.com, name=PROD]
[20:54:28] [ServerMain/INFO]: Loaded 1370 recipes
[20:54:28] [ServerMain/INFO]: Loaded 1481 advancements
[20:54:28] [Server thread/INFO]: Starting minecraft server version 1.21.4
[20:54:28] [Server thread/INFO]: Loading properties
[20:54:28] [Server thread/INFO]: Default game type: SURVIVAL
[20:54:28] [Server thread/INFO]: Generating keypair
[20:54:28] [Server thread/INFO]: Starting Minecraft server on *:25565
[20:54:29] [Server thread/INFO]: Using epoll channel type
[20:54:29] [Server thread/INFO]: Preparing level "world"
[20:54:29] [Server thread/INFO]: Preparing start region for dimension minecraft:overworld
[20:54:31] [Worker-Main-3/INFO]: Preparing spawn area: 0%
[20:54:31] [Worker-Main-3/INFO]: Preparing spawn area: 0%
[20:54:31] [Worker-Main-3/INFO]: Preparing spawn area: 0%
[20:54:31] [Worker-Main-3/INFO]: Preparing spawn area: 0%
[20:54:31] [Server thread/INFO]: Time elapsed: 1866 ms
[20:54:31] [Server thread/INFO]: Done (2.263s)! For help, type "help"
[20:54:31] [Server thread/INFO]: There are 0 of a max of 20 players online: 
[20:55:31] [Server thread/INFO]: Server empty for 60 seconds, pausing
[21:03:01] [Server thread/INFO]: Stopping server
