[16:40:06] [ServerMain/INFO]: Environment: Environment[sessionHost=https://sessionserver.mojang.com, servicesHost=https://api.minecraftservices.com, name=PROD]
[16:40:11] [ServerMain/INFO]: Loaded 1370 recipes
[16:40:11] [ServerMain/INFO]: Loaded 1481 advancements
[16:40:11] [Server thread/INFO]: Starting minecraft server version 1.21.4
[16:40:11] [Server thread/INFO]: Loading properties
[16:40:11] [Server thread/INFO]: Default game type: SURVIVAL
[16:40:11] [Server thread/INFO]: Generating keypair
[16:40:12] [Server thread/INFO]: Starting Minecraft server on *:25565
[16:40:12] [Server thread/INFO]: Using epoll channel type
[16:40:12] [Server thread/INFO]: Preparing level "world"
[16:40:13] [Server thread/INFO]: Preparing start region for dimension minecraft:overworld
[16:40:14] [Worker-Main-7/INFO]: Preparing spawn area: 0%
[16:40:14] [Worker-Main-7/INFO]: Preparing spawn area: 0%
[16:40:14] [Worker-Main-7/INFO]: Preparing spawn area: 0%
[16:40:14] [Server thread/INFO]: Time elapsed: 1390 ms
[16:40:14] [Server thread/INFO]: Done (1.876s)! For help, type "help"
[16:40:15] [Server thread/INFO]: There are 0 of a max of 20 players online: 
[16:41:14] [Server thread/INFO]: Server empty for 60 seconds, pausing
[17:30:15] [Server thread/INFO]: Stopping the server
[17:30:15] [Server thread/INFO]: Stopping server
[17:30:15] [Server thread/INFO]: Saving players
[17:30:15] [Server thread/INFO]: Saving worlds
[17:30:15] [Server thread/INFO]: Saving chunks for level 'ServerLevel[world]'/minecraft:overworld
[17:30:15] [Server thread/INFO]: Saving chunks for level 'ServerLevel[world]'/minecraft:the_nether
[17:30:15] [Server thread/INFO]: Saving chunks for level 'ServerLevel[world]'/minecraft:the_end
[17:30:15] [Server thread/INFO]: ThreadedAnvilChunkStorage (world): All chunks are saved
[17:30:15] [Server thread/INFO]: ThreadedAnvilChunkStorage (DIM-1): All chunks are saved
[17:30:15] [Server thread/INFO]: ThreadedAnvilChunkStorage (DIM1): All chunks are saved
[17:30:15] [Server thread/INFO]: ThreadedAnvilChunkStorage: All dimensions are saved
