[02:01:53] [ServerMain/INFO]: Environment: Environment[sessionHost=https://sessionserver.mojang.com, servicesHost=https://api.minecraftservices.com, name=PROD]
[02:01:56] [ServerMain/INFO]: Loaded 1370 recipes
[02:01:56] [ServerMain/INFO]: Loaded 1481 advancements
[02:01:56] [Server thread/INFO]: Starting minecraft server version 1.21.4
[02:01:56] [Server thread/INFO]: Loading properties
[02:01:56] [Server thread/INFO]: Default game type: SURVIVAL
[02:01:56] [Server thread/INFO]: Generating keypair
[02:01:56] [Server thread/INFO]: Starting Minecraft server on *:25565
[02:01:56] [Server thread/INFO]: Using default channel type
[02:01:56] [Server thread/INFO]: Preparing level "world"
[02:01:56] [Server thread/INFO]: Preparing start region for dimension minecraft:overworld
[02:01:58] [Worker-Main-5/INFO]: Preparing spawn area: 0%
[02:01:58] [Worker-Main-5/INFO]: Preparing spawn area: 0%
[02:01:58] [Worker-Main-5/INFO]: Preparing spawn area: 0%
[02:01:58] [Worker-Main-5/INFO]: Preparing spawn area: 0%
[02:01:58] [Server thread/INFO]: Time elapsed: 1823 ms
[02:01:58] [Server thread/INFO]: Done (2.192s)! For help, type "help"
[02:01:59] [Server thread/INFO]: There are 0 of a max of 20 players online: 
[02:02:05] [Server thread/INFO]: Stopping the server
[02:02:05] [Server thread/INFO]: Stopping server
[02:02:05] [Server thread/INFO]: Saving players
[02:02:05] [Server thread/INFO]: Saving worlds
[02:02:05] [Server thread/INFO]: Saving chunks for level 'ServerLevel[world]'/minecraft:overworld
[02:02:06] [Server thread/INFO]: Saving chunks for level 'ServerLevel[world]'/minecraft:the_nether
[02:02:06] [Server thread/INFO]: Saving chunks for level 'ServerLevel[world]'/minecraft:the_end
[02:02:06] [Server thread/INFO]: ThreadedAnvilChunkStorage (world): All chunks are saved
[02:02:06] [Server thread/INFO]: ThreadedAnvilChunkStorage (DIM-1): All chunks are saved
[02:02:06] [Server thread/INFO]: ThreadedAnvilChunkStorage (DIM1): All chunks are saved
[02:02:06] [Server thread/INFO]: ThreadedAnvilChunkStorage: All dimensions are saved
