[19:38:36] [ServerMain/INFO]: Environment: Environment[sessionHost=https://sessionserver.mojang.com, servicesHost=https://api.minecraftservices.com, name=PROD]
[19:38:38] [ServerMain/INFO]: Loaded 1370 recipes
[19:38:38] [ServerMain/INFO]: Loaded 1481 advancements
[19:38:38] [Server thread/INFO]: Starting minecraft server version 1.21.4
[19:38:38] [Server thread/INFO]: Loading properties
[19:38:38] [Server thread/INFO]: Default game type: SURVIVAL
[19:38:38] [Server thread/INFO]: Generating keypair
[19:38:38] [Server thread/INFO]: Starting Minecraft server on *:25565
[19:38:38] [Server thread/INFO]: Using default channel type
[19:38:39] [Server thread/INFO]: Preparing level "world"
[19:38:39] [Server thread/INFO]: Preparing start region for dimension minecraft:overworld
[19:38:40] [Worker-Main-10/INFO]: Preparing spawn area: 0%
[19:38:40] [Worker-Main-10/INFO]: Preparing spawn area: 0%
[19:38:40] [Worker-Main-10/INFO]: Preparing spawn area: 0%
[19:38:40] [Server thread/INFO]: Time elapsed: 1267 ms
[19:38:40] [Server thread/INFO]: Done (1.645s)! For help, type "help"
[19:38:41] [Server thread/INFO]: There are 0 of a max of 20 players online: 
[19:39:40] [Server thread/INFO]: Server empty for 60 seconds, pausing
[19:58:41] [Server thread/INFO]: Stopping the server
[19:58:41] [Server thread/INFO]: Stopping server
[19:58:41] [Server thread/INFO]: Saving players
[19:58:41] [Server thread/INFO]: Saving worlds
[19:58:41] [Server thread/INFO]: Saving chunks for level 'ServerLevel[world]'/minecraft:overworld
[19:58:41] [Server thread/INFO]: Saving chunks for level 'ServerLevel[world]'/minecraft:the_nether
[19:58:41] [Server thread/INFO]: Saving chunks for level 'ServerLevel[world]'/minecraft:the_end
[19:58:41] [Server thread/INFO]: ThreadedAnvilChunkStorage (world): All chunks are saved
[19:58:41] [Server thread/INFO]: ThreadedAnvilChunkStorage (DIM-1): All chunks are saved
[19:58:41] [Server thread/INFO]: ThreadedAnvilChunkStorage (DIM1): All chunks are saved
[19:58:41] [Server thread/INFO]: ThreadedAnvilChunkStorage: All dimensions are saved
