[17:42:27] [ServerMain/INFO]: Environment: Environment[sessionHost=https://sessionserver.mojang.com, servicesHost=https://api.minecraftservices.com, name=PROD]
[17:42:32] [ServerMain/INFO]: Loaded 1370 recipes
[17:42:32] [ServerMain/INFO]: Loaded 1481 advancements
[17:42:32] [Server thread/INFO]: Starting minecraft server version 1.21.4
[17:42:32] [Server thread/INFO]: Loading properties
[17:42:32] [Server thread/INFO]: Default game type: SURVIVAL
[17:42:32] [Server thread/INFO]: Generating keypair
[17:42:33] [Server thread/INFO]: Starting Minecraft server on *:25565
[17:42:33] [Server thread/INFO]: Using epoll channel type
[17:42:33] [Server thread/INFO]: Preparing level "world"
[17:42:34] [Server thread/INFO]: Preparing start region for dimension minecraft:overworld
[17:42:35] [Worker-Main-11/INFO]: Preparing spawn area: 0%
[17:42:35] [Worker-Main-11/INFO]: Preparing spawn area: 0%
[17:42:35] [Worker-Main-11/INFO]: Preparing spawn area: 0%
[17:42:35] [Server thread/INFO]: Time elapsed: 1468 ms
[17:42:35] [Server thread/INFO]: Done (1.963s)! For help, type "help"
[17:42:36] [Server thread/INFO]: There are 0 of a max of 20 players online: 
[17:43:11] [Server thread/INFO]: There are 0 of a max of 20 players online: 
[17:43:29] [Server thread/INFO]: Stopping the server
[17:43:30] [Server thread/INFO]: Stopping server
[17:43:30] [Server thread/INFO]: Saving players
[17:43:30] [Server thread/INFO]: Saving worlds
[17:43:30] [Server thread/INFO]: Saving chunks for level 'ServerLevel[world]'/minecraft:overworld
[17:43:30] [Server thread/INFO]: Saving chunks for level 'ServerLevel[world]'/minecraft:the_nether
[17:43:30] [Server thread/INFO]: Saving chunks for level 'ServerLevel[world]'/minecraft:the_end
[17:43:30] [Server thread/INFO]: ThreadedAnvilChunkStorage (world): All chunks are saved
[17:43:30] [Server thread/INFO]: ThreadedAnvilChunkStorage (DIM-1): All chunks are saved
[17:43:30] [Server thread/INFO]: ThreadedAnvilChunkStorage (DIM1): All chunks are saved
[17:43:30] [Server thread/INFO]: ThreadedAnvilChunkStorage: All dimensions are saved
