[15:29:30] [ServerMain/INFO]: Environment: Environment[sessionHost=https://sessionserver.mojang.com, servicesHost=https://api.minecraftservices.com, name=PROD]
[15:29:36] [ServerMain/INFO]: Loaded 1370 recipes
[15:29:36] [ServerMain/INFO]: Loaded 1481 advancements
[15:29:36] [Server thread/INFO]: Starting minecraft server version 1.21.4
[15:29:36] [Server thread/INFO]: Loading properties
[15:29:36] [Server thread/INFO]: Default game type: SURVIVAL
[15:29:36] [Server thread/INFO]: Generating keypair
[15:29:36] [Server thread/INFO]: Starting Minecraft server on *:25565
[15:29:37] [Server thread/INFO]: Using epoll channel type
[15:29:37] [Server thread/INFO]: Preparing level "world"
[15:29:37] [Server thread/INFO]: Preparing start region for dimension minecraft:overworld
[15:29:39] [Worker-Main-7/INFO]: Preparing spawn area: 0%
[15:29:39] [Worker-Main-7/INFO]: Preparing spawn area: 0%
[15:29:39] [Worker-Main-7/INFO]: Preparing spawn area: 0%
[15:29:39] [Worker-Main-7/INFO]: Preparing spawn area: 0%
[15:29:39] [Server thread/INFO]: Time elapsed: 1687 ms
[15:29:39] [Server thread/INFO]: Done (2.291s)! For help, type "help"
[15:29:39] [Server thread/INFO]: There are 0 of a max of 20 players online: 
[15:30:39] [Server thread/INFO]: Server empty for 60 seconds, pausing
[15:31:56] [Server thread/INFO]: Stopping the server
[15:31:56] [Server thread/INFO]: Stopping server
[15:31:56] [Server thread/INFO]: Saving players
[15:31:56] [Server thread/INFO]: Saving worlds
[15:31:56] [Server thread/INFO]: Saving chunks for level 'ServerLevel[world]'/minecraft:overworld
[15:31:56] [Server thread/INFO]: Saving chunks for level 'ServerLevel[world]'/minecraft:the_end
[15:31:56] [Server thread/INFO]: Saving chunks for level 'ServerLevel[world]'/minecraft:the_nether
[15:31:56] [Server thread/INFO]: ThreadedAnvilChunkStorage (world): All chunks are saved
[15:31:56] [Server thread/INFO]: ThreadedAnvilChunkStorage (DIM1): All chunks are saved
[15:31:56] [Server thread/INFO]: ThreadedAnvilChunkStorage (DIM-1): All chunks are saved
[15:31:56] [Server thread/INFO]: ThreadedAnvilChunkStorage: All dimensions are saved
