[22:18:05] [ServerMain/INFO]: Environment: Environment[sessionHost=https://sessionserver.mojang.com, servicesHost=https://api.minecraftservices.com, name=PROD]
[22:18:12] [ServerMain/INFO]: Loaded 1370 recipes
[22:18:12] [ServerMain/INFO]: Loaded 1481 advancements
[22:18:12] [Server thread/INFO]: Starting minecraft server version 1.21.4
[22:18:12] [Server thread/INFO]: Loading properties
[22:18:12] [Server thread/INFO]: Default game type: SURVIVAL
[22:18:12] [Server thread/INFO]: Generating keypair
[22:18:12] [Server thread/INFO]: Starting Minecraft server on *:25565
[22:18:13] [Server thread/INFO]: Using epoll channel type
[22:18:13] [Server thread/INFO]: Preparing level "world"
[22:18:14] [Server thread/INFO]: Preparing start region for dimension minecraft:overworld
[22:18:15] [Worker-Main-5/INFO]: Preparing spawn area: 0%
[22:18:15] [Worker-Main-5/INFO]: Preparing spawn area: 0%
[22:18:15] [Worker-Main-5/INFO]: Preparing spawn area: 0%
[22:18:15] [Worker-Main-5/INFO]: Preparing spawn area: 0%
[22:18:16] [Server thread/INFO]: Time elapsed: 1725 ms
[22:18:16] [Server thread/INFO]: Done (2.441s)! For help, type "help"
[22:18:16] [Server thread/INFO]: There are 0 of a max of 20 players online: 
[22:18:20] [Server thread/INFO]: There are 0 of a max of 20 players online: 
[22:18:34] [Server thread/INFO]: Stopping the server
[22:18:34] [Server thread/INFO]: Stopping server
[22:18:34] [Server thread/INFO]: Saving players
[22:18:34] [Server thread/INFO]: Saving worlds
[22:18:34] [Server thread/INFO]: Saving chunks for level 'ServerLevel[world]'/minecraft:overworld
[22:18:34] [Server thread/INFO]: Saving chunks for level 'ServerLevel[world]'/minecraft:the_end
[22:18:34] [Server thread/INFO]: Saving chunks for level 'ServerLevel[world]'/minecraft:the_nether
[22:18:34] [Server thread/INFO]: ThreadedAnvilChunkStorage (world): All chunks are saved
[22:18:34] [Server thread/INFO]: ThreadedAnvilChunkStorage (DIM1): All chunks are saved
[22:18:34] [Server thread/INFO]: ThreadedAnvilChunkStorage (DIM-1): All chunks are saved
[22:18:34] [Server thread/INFO]: ThreadedAnvilChunkStorage: All dimensions are saved
