[21:12:52] [ServerMain/INFO]: Environment: Environment[sessionHost=https://sessionserver.mojang.com, servicesHost=https://api.minecraftservices.com, name=PROD]
[21:12:57] [ServerMain/INFO]: Loaded 1370 recipes
[21:12:57] [ServerMain/INFO]: Loaded 1481 advancements
[21:12:57] [Server thread/INFO]: Starting minecraft server version 1.21.4
[21:12:57] [Server thread/INFO]: Loading properties
[21:12:57] [Server thread/INFO]: Default game type: SURVIVAL
[21:12:57] [Server thread/INFO]: Generating keypair
[21:12:58] [Server thread/INFO]: Starting Minecraft server on *:25565
[21:12:58] [Server thread/INFO]: Using epoll channel type
[21:12:58] [Server thread/INFO]: Preparing level "world"
[21:12:59] [Server thread/INFO]: Preparing start region for dimension minecraft:overworld
[21:13:00] [Worker-Main-2/INFO]: Preparing spawn area: 0%
[21:13:00] [Worker-Main-2/INFO]: Preparing spawn area: 0%
[21:13:00] [Worker-Main-2/INFO]: Preparing spawn area: 0%
[21:13:00] [Server thread/INFO]: Time elapsed: 1424 ms
[21:13:00] [Server thread/INFO]: Done (2.328s)! For help, type "help"
[21:13:01] [Server thread/INFO]: There are 0 of a max of 20 players online: 
[21:13:12] [Server thread/INFO]: Stopping the server
[21:13:12] [Server thread/INFO]: Stopping server
[21:13:12] [Server thread/INFO]: Saving players
[21:13:12] [Server thread/INFO]: Saving worlds
[21:13:12] [Server thread/INFO]: Saving chunks for level 'ServerLevel[world]'/minecraft:overworld
[21:13:12] [Server thread/INFO]: Saving chunks for level 'ServerLevel[world]'/minecraft:the_end
[21:13:12] [Server thread/INFO]: Saving chunks for level 'ServerLevel[world]'/minecraft:the_nether
[21:13:12] [Server thread/INFO]: ThreadedAnvilChunkStorage (world): All chunks are saved
[21:13:12] [Server thread/INFO]: ThreadedAnvilChunkStorage (DIM1): All chunks are saved
[21:13:12] [Server thread/INFO]: ThreadedAnvilChunkStorage (DIM-1): All chunks are saved
[21:13:12] [Server thread/INFO]: ThreadedAnvilChunkStorage: All dimensions are saved
