[23:32:06] [ServerMain/INFO]: Environment: Environment[sessionHost=https://sessionserver.mojang.com, servicesHost=https://api.minecraftservices.com, name=PROD]
[23:32:08] [ServerMain/INFO]: Loaded 1370 recipes
[23:32:08] [ServerMain/INFO]: Loaded 1481 advancements
[23:32:08] [Server thread/INFO]: Starting minecraft server version 1.21.4
[23:32:08] [Server thread/INFO]: Loading properties
[23:32:08] [Server thread/INFO]: Default game type: SURVIVAL
[23:32:08] [Server thread/INFO]: Generating keypair
[23:32:09] [Server thread/INFO]: Starting Minecraft server on *:25565
[23:32:09] [Server thread/INFO]: Using default channel type
[23:32:09] [Server thread/INFO]: Preparing level "world"
[23:32:09] [Server thread/INFO]: Preparing start region for dimension minecraft:overworld
[23:32:10] [Worker-Main-8/INFO]: Preparing spawn area: 0%
[23:32:10] [Worker-Main-8/INFO]: Preparing spawn area: 0%
[23:32:10] [Worker-Main-8/INFO]: Preparing spawn area: 0%
[23:32:11] [Server thread/INFO]: Time elapsed: 1340 ms
[23:32:11] [Server thread/INFO]: Done (1.672s)! For help, type "help"
[23:32:12] [Server thread/INFO]: There are 0 of a max of 20 players online: 
[23:32:24] [Server thread/INFO]: There are 0 of a max of 20 players online: 
[23:32:29] [Server thread/INFO]: Stopping the server
[23:32:29] [Server thread/INFO]: Stopping server
[23:32:29] [Server thread/INFO]: Saving players
[23:32:29] [Server thread/INFO]: Saving worlds
[23:32:29] [Server thread/INFO]: Saving chunks for level 'ServerLevel[world]'/minecraft:overworld
[23:32:29] [Server thread/INFO]: Saving chunks for level 'ServerLevel[world]'/minecraft:the_nether
[23:32:29] [Server thread/INFO]: Saving chunks for level 'ServerLevel[world]'/minecraft:the_end
[23:32:29] [Server thread/INFO]: ThreadedAnvilChunkStorage (world): All chunks are saved
[23:32:29] [Server thread/INFO]: ThreadedAnvilChunkStorage (DIM-1): All chunks are saved
[23:32:29] [Server thread/INFO]: ThreadedAnvilChunkStorage (DIM1): All chunks are saved
[23:32:29] [Server thread/INFO]: ThreadedAnvilChunkStorage: All dimensions are saved
