[02:01:17] [ServerMain/INFO]: Environment: Environment[sessionHost=https://sessionserver.mojang.com, servicesHost=https://api.minecraftservices.com, name=PROD]
[02:01:19] [ServerMain/INFO]: Loaded 1370 recipes
[02:01:19] [ServerMain/INFO]: Loaded 1481 advancements
[02:01:20] [Server thread/INFO]: Starting minecraft server version 1.21.4
[02:01:20] [Server thread/INFO]: Loading properties
[02:01:20] [Server thread/INFO]: Default game type: SURVIVAL
[02:01:20] [Server thread/INFO]: Generating keypair
[02:01:20] [Server thread/INFO]: Starting Minecraft server on *:25565
[02:01:20] [Server thread/INFO]: Using default channel type
[02:01:20] [Server thread/INFO]: Preparing level "world"
[02:01:20] [Server thread/INFO]: Preparing start region for dimension minecraft:overworld
[02:01:22] [Worker-Main-1/INFO]: Preparing spawn area: 0%
[02:01:22] [Worker-Main-1/INFO]: Preparing spawn area: 0%
[02:01:22] [Worker-Main-1/INFO]: Preparing spawn area: 0%
[02:01:22] [Worker-Main-1/INFO]: Preparing spawn area: 0%
[02:01:22] [Server thread/INFO]: Time elapsed: 1690 ms
[02:01:22] [Server thread/INFO]: Done (2.103s)! For help, type "help"
[02:01:23] [Server thread/INFO]: There are 0 of a max of 20 players online: 
[02:01:31] [Server thread/INFO]: There are 0 of a max of 20 players online: 
[02:01:43] [Server thread/INFO]: Stopping the server
[02:01:43] [Server thread/INFO]: Stopping server
[02:01:43] [Server thread/INFO]: Saving players
[02:01:43] [Server thread/INFO]: Saving worlds
[02:01:43] [Server thread/INFO]: Saving chunks for level 'ServerLevel[world]'/minecraft:overworld
[02:01:43] [Server thread/INFO]: Saving chunks for level 'ServerLevel[world]'/minecraft:the_end
[02:01:43] [Server thread/INFO]: Saving chunks for level 'ServerLevel[world]'/minecraft:the_nether
[02:01:43] [Server thread/INFO]: ThreadedAnvilChunkStorage (world): All chunks are saved
[02:01:43] [Server thread/INFO]: ThreadedAnvilChunkStorage (DIM1): All chunks are saved
[02:01:43] [Server thread/INFO]: ThreadedAnvilChunkStorage (DIM-1): All chunks are saved
[02:01:43] [Server thread/INFO]: ThreadedAnvilChunkStorage: All dimensions are saved
