[2025-03-23 20:50:32] [INFO] com.kmrug.discordbot.Bot = Player activity detected! Resetting idle timer...
[2025-03-23 20:50:32] [INFO] com.kmrug.discordbot.Bot = Idle timer started...
[2025-03-23 20:50:32] [INFO] com.kmrug.discordbot.Bot = Idle timer started...
[2025-03-23 20:54:39] [INFO] com.kmrug.discordbot.Bot = Idle timer started...
[2025-03-23 20:54:39] [WARN] com.kmrug.discordbot.Bot = No players detected for 0 minute(s). Stopping server...
[2025-03-23 20:55:02] [INFO] com.kmrug.discordbot.Bot = Idle timer started...
[2025-03-23 20:55:02] [WARN] com.kmrug.discordbot.Bot = No players detected for 0 minute(s). Stopping server...
[2025-03-23 20:55:02] [INFO] com.kmrug.discordbot.Bot = Player activity detected! Resetting idle timer...
[2025-03-23 20:55:02] [INFO] com.kmrug.discordbot.Bot = Idle timer started...
[2025-03-23 20:55:02] [INFO] com.kmrug.discordbot.Bot = Idle timer started...
[2025-03-23 21:07:35] [INFO] com.kmrug.discordbot.Bot = Idle timer started...
[2025-03-23 21:07:36] [INFO] com.kmrug.discordbot.Bot = Player activity detected! Resetting idle timer...
[2025-03-23 21:07:36] [INFO] com.kmrug.discordbot.Bot = Idle timer started...
[2025-03-23 21:07:36] [INFO] com.kmrug.discordbot.Bot = Idle timer started...
[2025-03-23 21:07:59] [INFO] com.kmrug.discordbot.Bot = Idle timer started...
[2025-03-23 21:08:00] [INFO] com.kmrug.discordbot.Bot = Player activity detected! Resetting idle timer...
[2025-03-23 21:08:00] [INFO] com.kmrug.discordbot.Bot = Idle timer started...
[2025-03-23 21:08:00] [INFO] com.kmrug.discordbot.Bot = Idle timer started...
[2025-03-23 21:20:12] [INFO] com.kmrug.discordbot.Bot = Idle timer started...
[2025-03-23 21:20:12] [WARN] com.kmrug.discordbot.Bot = No players detected for 0 minute(s). Stopping server...
[2025-03-23 21:20:12] [INFO] com.kmrug.discordbot.Bot = Player activity detected! Resetting idle timer...
[2025-03-23 21:20:12] [INFO] com.kmrug.discordbot.Bot = Idle timer started...
[2025-03-23 21:20:12] [INFO] com.kmrug.discordbot.Bot = Idle timer started...
[2025-03-28 18:26:02] [INFO] com.kmrug.discordbot.Bot = Server is running and online
[2025-03-28 18:26:02] [WARN] com.kmrug.discordbot.Bot = Minecraft server is already running!
[2025-03-28 18:26:02] [WARN] com.kmrug.discordbot.Bot = This command can only be used in a text channel!
[2025-03-28 18:26:02] [ERROR] com.kmrug.discordbot.Bot = [BOT ERROR] Failed to start server: java.io.IOException: Cannot run program "java" (in directory ".\Server"): CreateProcess error=267, The directory name is invalid
[2025-03-28 18:26:02] [WARN] com.kmrug.discordbot.Bot = This command can only be used in a text channel!
[2025-03-28 18:26:02] [ERROR] com.kmrug.discordbot.Bot = [BOT ERROR] Failed to start server: java.io.IOException: Cannot run program "java" (in directory ".\Server"): CreateProcess error=267, The directory name is invalid
[2025-03-28 18:26:02] [WARN] com.kmrug.discordbot.Bot = This command can only be used in a text channel!
[2025-03-28 18:26:02] [ERROR] com.kmrug.discordbot.Bot = [BOT ERROR] Failed to start server: java.io.IOException: Cannot run program "java" (in directory ".\Server"): CreateProcess error=267, The directory name is invalid
[2025-03-28 18:26:02] [ERROR] com.kmrug.discordbot.Bot = [BOT WARNING] Server process is running, but port is closed.
[2025-03-28 18:27:15] [INFO] com.kmrug.discordbot.Bot = Server is running and online
[2025-03-28 18:27:15] [WARN] com.kmrug.discordbot.Bot = Minecraft server is already running!
[2025-03-28 18:27:15] [WARN] com.kmrug.discordbot.Bot = This command can only be used in a text channel!
[2025-03-28 18:27:15] [ERROR] com.kmrug.discordbot.Bot = [BOT ERROR] Failed to start server: java.io.IOException: Cannot run program "java" (in directory ".\Server"): CreateProcess error=267, The directory name is invalid
[2025-03-28 18:27:15] [WARN] com.kmrug.discordbot.Bot = This command can only be used in a text channel!
[2025-03-28 18:27:15] [ERROR] com.kmrug.discordbot.Bot = [BOT ERROR] Failed to start server: java.io.IOException: Cannot run program "java" (in directory ".\Server"): CreateProcess error=267, The directory name is invalid
[2025-03-28 18:27:15] [WARN] com.kmrug.discordbot.Bot = This command can only be used in a text channel!
[2025-03-28 18:27:15] [ERROR] com.kmrug.discordbot.Bot = [BOT ERROR] Failed to start server: java.io.IOException: Cannot run program "java" (in directory ".\Server"): CreateProcess error=267, The directory name is invalid
[2025-03-28 18:27:15] [ERROR] com.kmrug.discordbot.Bot = [BOT WARNING] Server process is running, but port is closed.
[2025-03-28 18:28:04] [INFO] com.kmrug.discordbot.Bot = Server is running and online
[2025-03-28 18:28:04] [WARN] com.kmrug.discordbot.Bot = Minecraft server is already running!
[2025-03-28 18:28:04] [WARN] com.kmrug.discordbot.Bot = This command can only be used in a text channel!
[2025-03-28 18:28:04] [ERROR] com.kmrug.discordbot.Bot = [BOT ERROR] Failed to start server: java.io.IOException: Cannot run program "java" (in directory ".\Server"): CreateProcess error=267, The directory name is invalid
[2025-03-28 18:28:04] [WARN] com.kmrug.discordbot.Bot = This command can only be used in a text channel!
[2025-03-28 18:28:04] [ERROR] com.kmrug.discordbot.Bot = [BOT ERROR] Failed to start server: java.io.IOException: Cannot run program "java" (in directory ".\Server"): CreateProcess error=267, The directory name is invalid
[2025-03-28 18:28:04] [WARN] com.kmrug.discordbot.Bot = This command can only be used in a text channel!
[2025-03-28 18:28:04] [ERROR] com.kmrug.discordbot.Bot = [BOT ERROR] Failed to start server: java.io.IOException: Cannot run program "java" (in directory ".\Server"): CreateProcess error=267, The directory name is invalid
[2025-03-28 18:28:04] [ERROR] com.kmrug.discordbot.Bot = [BOT WARNING] Server process is running, but port is closed.
[2025-03-28 18:29:08] [INFO] com.kmrug.discordbot.Bot = Server is running and online
[2025-03-28 18:29:08] [WARN] com.kmrug.discordbot.Bot = Minecraft server is already running!
[2025-03-28 18:29:08] [WARN] com.kmrug.discordbot.Bot = This command can only be used in a text channel!
[2025-03-28 18:29:08] [ERROR] com.kmrug.discordbot.Bot = [BOT ERROR] Failed to start server: java.io.IOException: Cannot run program "java" (in directory ".\Server"): CreateProcess error=267, The directory name is invalid
[2025-03-28 18:29:08] [WARN] com.kmrug.discordbot.Bot = This command can only be used in a text channel!
[2025-03-28 18:29:08] [ERROR] com.kmrug.discordbot.Bot = [BOT ERROR] Failed to start server: java.io.IOException: Cannot run program "java" (in directory ".\Server"): CreateProcess error=267, The directory name is invalid
[2025-03-28 18:29:08] [WARN] com.kmrug.discordbot.Bot = This command can only be used in a text channel!
[2025-03-28 18:29:08] [ERROR] com.kmrug.discordbot.Bot = [BOT ERROR] Failed to start server: java.io.IOException: Cannot run program "java" (in directory ".\Server"): CreateProcess error=267, The directory name is invalid
[2025-03-28 18:29:08] [ERROR] com.kmrug.discordbot.Bot = [BOT WARNING] Server process is running, but port is closed.
[2025-03-28 18:30:50] [ERROR] com.kmrug.discordbot.Bot = [BOT WARNING] Server process is running, but port is closed.
[2025-03-28 18:34:59] [INFO] com.kmrug.discordbot.Bot = Server is running and online
[2025-03-28 18:34:59] [WARN] com.kmrug.discordbot.Bot = Minecraft server is already running!
[2025-03-28 18:34:59] [WARN] com.kmrug.discordbot.Bot = This command can only be used in a text channel!
[2025-03-28 18:34:59] [ERROR] com.kmrug.discordbot.Bot = [BOT ERROR] Failed to start server: java.io.IOException: Cannot run program "java" (in directory ".\Server"): CreateProcess error=267, The directory name is invalid
[2025-03-28 18:34:59] [WARN] com.kmrug.discordbot.Bot = This command can only be used in a text channel!
[2025-03-28 18:34:59] [ERROR] com.kmrug.discordbot.Bot = [BOT ERROR] Failed to start server: java.io.IOException: Cannot run program "java" (in directory ".\Server"): CreateProcess error=267, The directory name is invalid
[2025-03-28 18:34:59] [WARN] com.kmrug.discordbot.Bot = This command can only be used in a text channel!
[2025-03-28 18:34:59] [ERROR] com.kmrug.discordbot.Bot = [BOT ERROR] Failed to start server: java.io.IOException: Cannot run program "java" (in directory ".\Server"): CreateProcess error=267, The directory name is invalid
[2025-03-28 18:34:59] [ERROR] com.kmrug.discordbot.Bot = [BOT WARNING] Server process is running, but port is closed.
[2025-03-28 18:35:46] [INFO] com.kmrug.discordbot.Bot = Server is running and online
[2025-03-28 18:35:46] [WARN] com.kmrug.discordbot.Bot = Minecraft server is already running!
[2025-03-28 18:35:46] [WARN] com.kmrug.discordbot.Bot = This command can only be used in a text channel!
[2025-03-28 18:35:46] [ERROR] com.kmrug.discordbot.Bot = [BOT ERROR] Failed to start server: java.io.IOException: Cannot run program "java" (in directory ".\Server"): CreateProcess error=267, The directory name is invalid
[2025-03-28 18:35:46] [WARN] com.kmrug.discordbot.Bot = This command can only be used in a text channel!
[2025-03-28 18:35:46] [ERROR] com.kmrug.discordbot.Bot = [BOT ERROR] Failed to start server: java.io.IOException: Cannot run program "java" (in directory ".\Server"): CreateProcess error=267, The directory name is invalid
[2025-03-28 18:35:46] [WARN] com.kmrug.discordbot.Bot = This command can only be used in a text channel!
[2025-03-28 18:35:46] [ERROR] com.kmrug.discordbot.Bot = [BOT ERROR] Failed to start server: java.io.IOException: Cannot run program "java" (in directory ".\Server"): CreateProcess error=267, The directory name is invalid
[2025-03-28 18:35:46] [ERROR] com.kmrug.discordbot.Bot = [BOT WARNING] Server process is running, but port is closed.
[2025-03-28 18:36:27] [INFO] com.kmrug.discordbot.Bot = Server is running and online
[2025-03-28 18:36:27] [WARN] com.kmrug.discordbot.Bot = Minecraft server is already running!
[2025-03-28 18:36:27] [WARN] com.kmrug.discordbot.Bot = This command can only be used in a text channel!
[2025-03-28 18:36:27] [ERROR] com.kmrug.discordbot.Bot = [BOT ERROR] Failed to start server: java.io.IOException: Cannot run program "java" (in directory ".\Server"): CreateProcess error=267, The directory name is invalid
[2025-03-28 18:36:27] [WARN] com.kmrug.discordbot.Bot = This command can only be used in a text channel!
[2025-03-28 18:36:27] [ERROR] com.kmrug.discordbot.Bot = [BOT ERROR] Failed to start server: java.io.IOException: Cannot run program "java" (in directory ".\Server"): CreateProcess error=267, The directory name is invalid
[2025-03-28 18:36:27] [WARN] com.kmrug.discordbot.Bot = This command can only be used in a text channel!
[2025-03-28 18:36:27] [ERROR] com.kmrug.discordbot.Bot = [BOT ERROR] Failed to start server: java.io.IOException: Cannot run program "java" (in directory ".\Server"): CreateProcess error=267, The directory name is invalid
[2025-03-28 18:36:27] [ERROR] com.kmrug.discordbot.Bot = [BOT WARNING] Server process is running, but port is closed.
[2025-03-28 18:37:40] [INFO] com.kmrug.discordbot.Bot = Server is running and online
[2025-03-28 18:37:40] [WARN] com.kmrug.discordbot.Bot = Minecraft server is already running!
[2025-03-28 18:37:40] [WARN] com.kmrug.discordbot.Bot = This command can only be used in a text channel!
[2025-03-28 18:37:40] [ERROR] com.kmrug.discordbot.Bot = [BOT ERROR] Failed to start server: java.io.IOException: Cannot run program "java" (in directory ".\Server"): CreateProcess error=267, The directory name is invalid
[2025-03-28 18:37:40] [WARN] com.kmrug.discordbot.Bot = This command can only be used in a text channel!
[2025-03-28 18:37:40] [ERROR] com.kmrug.discordbot.Bot = [BOT ERROR] Failed to start server: java.io.IOException: Cannot run program "java" (in directory ".\Server"): CreateProcess error=267, The directory name is invalid
[2025-03-28 18:37:40] [WARN] com.kmrug.discordbot.Bot = This command can only be used in a text channel!
[2025-03-28 18:37:40] [ERROR] com.kmrug.discordbot.Bot = [BOT ERROR] Failed to start server: java.io.IOException: Cannot run program "java" (in directory ".\Server"): CreateProcess error=267, The directory name is invalid
[2025-03-28 18:37:40] [ERROR] com.kmrug.discordbot.Bot = [BOT WARNING] Server process is running, but port is closed.
[2025-03-28 21:24:13] [WARN] com.kmrug.discordbot.Bot = No server is running.
[2025-03-28 21:38:29] [INFO] com.kmrug.discordbot.Bot = Server is running and online
[2025-03-28 21:38:29] [WARN] com.kmrug.discordbot.Bot = Minecraft server is already running!
[2025-03-28 21:38:29] [WARN] com.kmrug.discordbot.Bot = This command can only be used in a text channel!
[2025-03-28 21:38:29] [ERROR] com.kmrug.discordbot.Bot = [BOT ERROR] Failed to start server: java.io.IOException: Cannot run program "java" (in directory ".\Server"): CreateProcess error=267, The directory name is invalid
[2025-03-28 21:38:29] [WARN] com.kmrug.discordbot.Bot = No server is running.
[2025-03-28 21:38:29] [WARN] com.kmrug.discordbot.Bot = This command can only be used in a text channel!
[2025-03-28 21:38:29] [ERROR] com.kmrug.discordbot.Bot = [BOT ERROR] Failed to start server: java.io.IOException: Cannot run program "java" (in directory ".\Server"): CreateProcess error=267, The directory name is invalid
[2025-03-28 21:38:29] [WARN] com.kmrug.discordbot.Bot = This command can only be used in a text channel!
[2025-03-28 21:38:29] [ERROR] com.kmrug.discordbot.Bot = [BOT ERROR] Failed to start server: java.io.IOException: Cannot run program "java" (in directory ".\Server"): CreateProcess error=267, The directory name is invalid
[2025-03-28 21:38:29] [WARN] com.kmrug.discordbot.Bot = No server is running.
[2025-03-28 21:38:29] [ERROR] com.kmrug.discordbot.Bot = [BOT WARNING] Server process is running, but port is closed.
[2025-03-28 22:03:33] [WARN] com.kmrug.discordbot.Bot = No server is running.
[2025-03-28 22:07:27] [WARN] com.kmrug.discordbot.Bot = No server is running.
[2025-03-28 22:07:53] [WARN] com.kmrug.discordbot.Bot = No server is running.
[2025-03-28 22:08:05] [WARN] com.kmrug.discordbot.Bot = No server is running.
[2025-03-28 22:10:30] [INFO] com.kmrug.discordbot.Bot = 📊 Players Online: 5/10
[2025-03-28 22:11:07] [INFO] com.kmrug.discordbot.Bot = Server is running and online
[2025-03-28 22:11:07] [WARN] com.kmrug.discordbot.Bot = Minecraft server is already running!
[2025-03-28 22:11:07] [WARN] com.kmrug.discordbot.Bot = This command can only be used in a text channel!
[2025-03-28 22:11:07] [INFO] com.kmrug.discordbot.Bot = Deleted old latest.log
[2025-03-28 22:16:04] [INFO] com.kmrug.discordbot.Bot = 📊 Players Online: 5/10
[2025-03-28 22:16:26] [INFO] com.kmrug.discordbot.Bot = Server is running and online
[2025-03-28 22:16:26] [WARN] com.kmrug.discordbot.Bot = Minecraft server is already running!
[2025-03-28 22:16:26] [WARN] com.kmrug.discordbot.Bot = This command can only be used in a text channel!
[2025-03-28 22:16:26] [INFO] com.kmrug.discordbot.Bot = Deleted old latest.log
[2025-03-28 22:17:08] [INFO] com.kmrug.discordbot.Bot = Server is running and online
[2025-03-28 22:17:08] [WARN] com.kmrug.discordbot.Bot = Minecraft server is already running!
[2025-03-28 22:17:08] [WARN] com.kmrug.discordbot.Bot = This command can only be used in a text channel!
[2025-03-28 22:17:43] [INFO] com.kmrug.discordbot.Bot = 📊 Players Online: 5/10
[2025-03-28 22:18:11] [INFO] com.kmrug.discordbot.Bot = Server is running and online
[2025-03-28 22:18:11] [WARN] com.kmrug.discordbot.Bot = Minecraft server is already running!
[2025-03-28 22:18:11] [WARN] com.kmrug.discordbot.Bot = This command can only be used in a text channel!
[2025-03-28 22:18:11] [INFO] com.kmrug.discordbot.Bot = Deleted old latest.log
[2025-03-28 22:19:30] [INFO] com.kmrug.discordbot.Bot = Server is running and online
[2025-03-28 22:19:30] [WARN] com.kmrug.discordbot.Bot = Minecraft server is already running!
[2025-03-28 22:19:30] [WARN] com.kmrug.discordbot.Bot = This command can only be used in a text channel!
[2025-03-28 22:19:30] [INFO] com.kmrug.discordbot.Bot = Deleted old latest.log
[2025-03-28 22:21:06] [INFO] com.kmrug.discordbot.Bot = Server is running and online
[2025-03-28 22:21:06] [WARN] com.kmrug.discordbot.Bot = Minecraft server is already running!
[2025-03-28 22:21:06] [WARN] com.kmrug.discordbot.Bot = This command can only be used in a text channel!
[2025-03-28 22:21:35] [INFO] com.kmrug.discordbot.Bot = Server is running and online
[2025-03-28 22:21:35] [WARN] com.kmrug.discordbot.Bot = Minecraft server is already running!
[2025-03-28 22:21:35] [WARN] com.kmrug.discordbot.Bot = This command can only be used in a text channel!
[2025-03-28 22:24:09] [INFO] com.kmrug.discordbot.Bot = Server is running and online
[2025-03-28 22:24:09] [WARN] com.kmrug.discordbot.Bot = Minecraft server is already running!
[2025-03-28 22:24:09] [WARN] com.kmrug.discordbot.Bot = This command can only be used in a text channel!
[2025-03-28 22:25:19] [ERROR] com.kmrug.discordbot.Bot = [BOT ERROR] latest.log not found.
[2025-03-28 22:27:25] [ERROR] com.kmrug.discordbot.Bot = [BOT ERROR] latest.log not found.
[2025-03-28 22:30:54] [ERROR] com.kmrug.discordbot.Bot = [BOT ERROR] latest.log not found.
[2025-03-28 22:31:57] [ERROR] com.kmrug.discordbot.Bot = [BOT ERROR] latest.log not found.
[2025-03-28 22:33:05] [ERROR] com.kmrug.discordbot.Bot = [BOT ERROR] latest.log not found.
[2025-03-28 22:35:49] [INFO] com.kmrug.discordbot.Bot = 📊 Players Online: 5/10
[2025-03-28 22:36:08] [INFO] com.kmrug.discordbot.Bot = Server is running and online
[2025-03-28 22:36:08] [WARN] com.kmrug.discordbot.Bot = Minecraft server is already running!
[2025-03-28 22:36:08] [WARN] com.kmrug.discordbot.Bot = This command can only be used in a text channel!
[2025-03-28 22:36:08] [INFO] com.kmrug.discordbot.Bot = Deleted old latest.log
[2025-03-28 22:36:50] [INFO] com.kmrug.discordbot.Bot = Server is running and online
[2025-03-28 22:36:50] [WARN] com.kmrug.discordbot.Bot = Minecraft server is already running!
[2025-03-28 22:36:50] [WARN] com.kmrug.discordbot.Bot = This command can only be used in a text channel!
[2025-03-28 22:37:43] [INFO] com.kmrug.discordbot.Bot = Server is running and online
[2025-03-28 22:37:43] [WARN] com.kmrug.discordbot.Bot = Minecraft server is already running!
[2025-03-28 22:37:43] [WARN] com.kmrug.discordbot.Bot = This command can only be used in a text channel!
[2025-03-28 22:39:53] [INFO] com.kmrug.discordbot.Bot = Server is running and online
[2025-03-28 22:39:53] [WARN] com.kmrug.discordbot.Bot = Minecraft server is already running!
[2025-03-28 22:39:53] [WARN] com.kmrug.discordbot.Bot = This command can only be used in a text channel!
[2025-03-28 22:48:35] [INFO] com.kmrug.discordbot.Bot = Server is running and online
[2025-03-28 22:48:35] [WARN] com.kmrug.discordbot.Bot = Minecraft server is already running!
[2025-03-28 22:48:35] [WARN] com.kmrug.discordbot.Bot = This command can only be used in a text channel!
[2025-03-28 22:50:44] [INFO] com.kmrug.discordbot.Bot = Server is running and online
[2025-03-28 22:50:44] [WARN] com.kmrug.discordbot.Bot = Minecraft server is already running!
[2025-03-28 22:50:44] [WARN] com.kmrug.discordbot.Bot = This command can only be used in a text channel!
[2025-03-28 22:51:58] [WARN] com.kmrug.discordbot.Bot = No server is running.
[2025-03-28 22:52:13] [INFO] com.kmrug.discordbot.Bot = Server is running and online
[2025-03-28 22:52:25] [ERROR] com.kmrug.discordbot.Bot = [BOT WARNING] Server process is running, but port is closed.
[2025-03-28 22:52:55] [WARN] com.kmrug.discordbot.Bot = This command can only be used in a text channel!
[2025-03-28 22:53:31] [WARN] com.kmrug.discordbot.Bot = This command can only be used in a text channel!
[2025-03-28 22:54:54] [INFO] com.kmrug.discordbot.Bot = Server is running and online
[2025-03-28 22:54:54] [WARN] com.kmrug.discordbot.Bot = Minecraft server is already running!
[2025-03-28 22:54:54] [WARN] com.kmrug.discordbot.Bot = This command can only be used in a text channel!
[2025-03-28 22:56:02] [WARN] com.kmrug.discordbot.Bot = This command can only be used in a text channel!
[2025-03-28 22:56:45] [INFO] com.kmrug.discordbot.Bot = Server is running and online
[2025-03-28 22:56:45] [WARN] com.kmrug.discordbot.Bot = Minecraft server is already running!
[2025-03-28 22:56:45] [WARN] com.kmrug.discordbot.Bot = This command can only be used in a text channel!
[2025-03-28 22:56:45] [ERROR] com.kmrug.discordbot.Bot = [BOT ERROR] Failed to start server: java.io.IOException: Cannot run program "java" (in directory ".\Server"): CreateProcess error=267, The directory name is invalid
[2025-03-28 22:56:45] [WARN] com.kmrug.discordbot.Bot = No server is running.
[2025-03-28 22:56:45] [ERROR] com.kmrug.discordbot.Bot = [BOT ERROR] Failed to start server: java.io.IOException: Cannot run program "java" (in directory ".\Server"): CreateProcess error=267, The directory name is invalid
[2025-03-28 22:56:45] [WARN] com.kmrug.discordbot.Bot = No server is running.
[2025-03-28 22:56:45] [ERROR] com.kmrug.discordbot.Bot = [BOT WARNING] Server process is running, but port is closed.
[2025-03-28 22:56:45] [ERROR] com.kmrug.discordbot.Bot = [BOT ERROR] latest.log not found.
[2025-03-28 22:57:17] [INFO] com.kmrug.discordbot.Bot = Server is running and online
[2025-03-28 22:57:17] [WARN] com.kmrug.discordbot.Bot = Minecraft server is already running!
[2025-03-28 22:57:17] [WARN] com.kmrug.discordbot.Bot = This command can only be used in a text channel!
[2025-03-28 22:57:17] [ERROR] com.kmrug.discordbot.Bot = [BOT ERROR] Failed to start server: java.io.IOException: Cannot run program "java" (in directory ".\Server"): CreateProcess error=267, The directory name is invalid
[2025-03-28 22:57:17] [WARN] com.kmrug.discordbot.Bot = No server is running.
[2025-03-28 22:57:17] [ERROR] com.kmrug.discordbot.Bot = [BOT ERROR] Failed to start server: java.io.IOException: Cannot run program "java" (in directory ".\Server"): CreateProcess error=267, The directory name is invalid
[2025-03-28 22:57:17] [WARN] com.kmrug.discordbot.Bot = No server is running.
[2025-03-28 22:57:17] [ERROR] com.kmrug.discordbot.Bot = [BOT WARNING] Server process is running, but port is closed.
[2025-03-28 22:57:17] [ERROR] com.kmrug.discordbot.Bot = [BOT ERROR] latest.log not found.
[2025-03-28 22:58:53] [INFO] com.kmrug.discordbot.Bot = 📊 Players Online: 0/20
[2025-03-28 23:00:28] [INFO] com.kmrug.discordbot.Bot = Server is running and online
[2025-03-28 23:00:28] [WARN] com.kmrug.discordbot.Bot = Minecraft server is already running!
[2025-03-28 23:00:29] [WARN] com.kmrug.discordbot.Bot = This command can only be used in a text channel!
[2025-03-28 23:00:29] [ERROR] com.kmrug.discordbot.Bot = [BOT ERROR] Failed to start server: java.io.IOException: Cannot run program "java" (in directory ".\Server"): CreateProcess error=267, The directory name is invalid
[2025-03-28 23:00:29] [WARN] com.kmrug.discordbot.Bot = No server is running.
[2025-03-28 23:00:29] [ERROR] com.kmrug.discordbot.Bot = [BOT ERROR] Failed to start server: java.io.IOException: Cannot run program "java" (in directory ".\Server"): CreateProcess error=267, The directory name is invalid
[2025-03-28 23:00:29] [WARN] com.kmrug.discordbot.Bot = No server is running.
[2025-03-28 23:00:29] [ERROR] com.kmrug.discordbot.Bot = [BOT WARNING] Server process is running, but port is closed.
[2025-03-28 23:00:29] [ERROR] com.kmrug.discordbot.Bot = [BOT ERROR] latest.log not found.
[2025-03-28 23:00:29] [INFO] com.kmrug.discordbot.Bot = Idle timer started...
[2025-03-28 23:00:29] [WARN] com.kmrug.discordbot.Bot = No players detected for 0 minute(s). Stopping server...
[2025-03-28 23:00:29] [INFO] com.kmrug.discordbot.Bot = Player activity detected! Resetting idle timer...
[2025-03-28 23:00:29] [INFO] com.kmrug.discordbot.Bot = Idle timer started...
[2025-03-28 23:00:29] [INFO] com.kmrug.discordbot.Bot = Idle timer started...
[2025-03-28 23:01:06] [INFO] com.kmrug.discordbot.Bot = Server is running and online
[2025-03-28 23:01:06] [WARN] com.kmrug.discordbot.Bot = Minecraft server is already running!
[2025-03-28 23:01:06] [WARN] com.kmrug.discordbot.Bot = This command can only be used in a text channel!
[2025-03-28 23:01:06] [ERROR] com.kmrug.discordbot.Bot = [BOT ERROR] Failed to start server: java.io.IOException: Cannot run program "java" (in directory ".\Server"): CreateProcess error=267, The directory name is invalid
[2025-03-28 23:01:06] [WARN] com.kmrug.discordbot.Bot = No server is running.
[2025-03-28 23:01:07] [ERROR] com.kmrug.discordbot.Bot = [BOT ERROR] Failed to start server: java.io.IOException: Cannot run program "java" (in directory ".\Server"): CreateProcess error=267, The directory name is invalid
[2025-03-28 23:01:07] [WARN] com.kmrug.discordbot.Bot = No server is running.
[2025-03-28 23:01:07] [ERROR] com.kmrug.discordbot.Bot = [BOT WARNING] Server process is running, but port is closed.
[2025-03-28 23:01:07] [INFO] com.kmrug.discordbot.Bot = Idle timer started...
[2025-03-28 23:01:07] [WARN] com.kmrug.discordbot.Bot = No players detected for 0 minute(s). Stopping server...
[2025-03-28 23:01:07] [INFO] com.kmrug.discordbot.Bot = Player activity detected! Resetting idle timer...
[2025-03-28 23:01:07] [INFO] com.kmrug.discordbot.Bot = Idle timer started...
[2025-03-28 23:01:07] [INFO] com.kmrug.discordbot.Bot = Idle timer started...
[2025-03-28 23:02:25] [INFO] com.kmrug.discordbot.Bot = Server is running and online
[2025-03-28 23:02:25] [WARN] com.kmrug.discordbot.Bot = Minecraft server is already running!
[2025-03-28 23:02:25] [WARN] com.kmrug.discordbot.Bot = This command can only be used in a text channel!
[2025-03-28 23:02:25] [ERROR] com.kmrug.discordbot.Bot = [BOT ERROR] Failed to start server: java.io.IOException: Cannot run program "java" (in directory ".\Server"): CreateProcess error=267, The directory name is invalid
[2025-03-28 23:02:25] [WARN] com.kmrug.discordbot.Bot = No server is running.
[2025-03-28 23:02:25] [ERROR] com.kmrug.discordbot.Bot = [BOT ERROR] Failed to start server: java.io.IOException: Cannot run program "java" (in directory ".\Server"): CreateProcess error=267, The directory name is invalid
[2025-03-28 23:02:25] [WARN] com.kmrug.discordbot.Bot = No server is running.
[2025-03-28 23:02:25] [ERROR] com.kmrug.discordbot.Bot = [BOT WARNING] Server process is running, but port is closed.
[2025-03-28 23:02:25] [INFO] com.kmrug.discordbot.Bot = Idle timer started...
[2025-03-28 23:02:25] [WARN] com.kmrug.discordbot.Bot = No players detected for 0 minute(s). Stopping server...
[2025-03-28 23:02:26] [INFO] com.kmrug.discordbot.Bot = Player activity detected! Resetting idle timer...
[2025-03-28 23:02:26] [INFO] com.kmrug.discordbot.Bot = Idle timer started...
[2025-03-28 23:02:26] [INFO] com.kmrug.discordbot.Bot = Idle timer started...
[2025-03-28 23:11:29] [INFO] com.kmrug.discordbot.Bot = Server is running and online
[2025-03-28 23:11:30] [WARN] com.kmrug.discordbot.Bot = Minecraft server is already running!
[2025-03-28 23:11:30] [WARN] com.kmrug.discordbot.Bot = This command can only be used in a text channel!
[2025-03-28 23:11:30] [ERROR] com.kmrug.discordbot.Bot = [BOT ERROR] Failed to start server: java.io.IOException: Cannot run program "java" (in directory ".\Server"): CreateProcess error=267, The directory name is invalid
[2025-03-28 23:11:30] [WARN] com.kmrug.discordbot.Bot = No server is running.
[2025-03-28 23:11:30] [ERROR] com.kmrug.discordbot.Bot = [BOT ERROR] Failed to start server: java.io.IOException: Cannot run program "java" (in directory ".\Server"): CreateProcess error=267, The directory name is invalid
[2025-03-28 23:11:30] [WARN] com.kmrug.discordbot.Bot = No server is running.
[2025-03-28 23:11:30] [ERROR] com.kmrug.discordbot.Bot = [BOT WARNING] Server process is running, but port is closed.
[2025-03-28 23:11:30] [INFO] com.kmrug.discordbot.Bot = Idle timer started...
[2025-03-28 23:11:30] [WARN] com.kmrug.discordbot.Bot = No players detected for 0 minute(s). Stopping server...
[2025-03-28 23:11:30] [INFO] com.kmrug.discordbot.Bot = Player activity detected! Resetting idle timer...
[2025-03-28 23:11:30] [INFO] com.kmrug.discordbot.Bot = Idle timer started...
[2025-03-28 23:11:30] [INFO] com.kmrug.discordbot.Bot = Idle timer started...
[2025-03-28 23:11:40] [INFO] net.dv8tion.jda.api.JDA = Login Successful!
[2025-03-28 23:11:41] [INFO] net.dv8tion.jda.internal.requests.WebSocketClient = Connected to WebSocket
[2025-03-28 23:11:41] [INFO] net.dv8tion.jda.api.JDA = Finished Loading!
[2025-03-28 23:11:41] [INFO] com.kmrug.discordbot.Bot = Discord bot is online!
[2025-03-28 23:12:11] [INFO] com.kmrug.discordbot.Bot = Server is running and online
[2025-03-28 23:13:56] [INFO] com.kmrug.discordbot.Bot = Server is running and online
[2025-03-28 23:13:57] [WARN] com.kmrug.discordbot.Bot = Minecraft server is already running!
[2025-03-28 23:13:57] [WARN] com.kmrug.discordbot.Bot = This command can only be used in a text channel!
[2025-03-28 23:13:57] [ERROR] com.kmrug.discordbot.Bot = [BOT ERROR] Failed to start server: java.io.IOException: Cannot run program "java" (in directory ".\Server"): CreateProcess error=267, The directory name is invalid
[2025-03-28 23:13:57] [WARN] com.kmrug.discordbot.Bot = No server is running.
[2025-03-28 23:13:57] [ERROR] com.kmrug.discordbot.Bot = [BOT ERROR] Failed to start server: java.io.IOException: Cannot run program "java" (in directory ".\Server"): CreateProcess error=267, The directory name is invalid
[2025-03-28 23:13:57] [WARN] com.kmrug.discordbot.Bot = No server is running.
[2025-03-28 23:13:57] [ERROR] com.kmrug.discordbot.Bot = [BOT WARNING] Server process is running, but port is closed.
[2025-03-28 23:13:57] [ERROR] com.kmrug.discordbot.Bot = [BOT ERROR] latest.log not found.
[2025-03-28 23:18:19] [INFO] com.kmrug.discordbot.Bot = 📊 Players Online: 5/10
[2025-03-28 23:19:01] [INFO] com.kmrug.discordbot.Bot = Server is running and online
[2025-03-28 23:19:01] [WARN] com.kmrug.discordbot.Bot = Minecraft server is already running!
[2025-03-28 23:19:01] [WARN] com.kmrug.discordbot.Bot = This command can only be used in a text channel!
[2025-03-28 23:19:01] [ERROR] com.kmrug.discordbot.Bot = [BOT ERROR] Failed to start server: java.io.IOException: Cannot run program "java" (in directory ".\Server"): CreateProcess error=267, The directory name is invalid
[2025-03-28 23:19:01] [WARN] com.kmrug.discordbot.Bot = No server is running.
[2025-03-28 23:19:01] [ERROR] com.kmrug.discordbot.Bot = [BOT ERROR] Failed to start server: java.io.IOException: Cannot run program "java" (in directory ".\Server"): CreateProcess error=267, The directory name is invalid
[2025-03-28 23:19:01] [WARN] com.kmrug.discordbot.Bot = No server is running.
[2025-03-28 23:19:01] [ERROR] com.kmrug.discordbot.Bot = [BOT WARNING] Server process is running, but port is closed.
[2025-03-28 23:19:03] [INFO] com.kmrug.discordbot.Bot = 📊 Players Online: 5/10
[2025-03-28 23:21:24] [WARN] com.kmrug.discordbot.Bot = Received null slash command event or null name.
[2025-03-28 23:21:56] [INFO] com.kmrug.discordbot.Bot = Server is running and online
[2025-03-28 23:21:56] [WARN] com.kmrug.discordbot.Bot = Minecraft server is already running!
[2025-03-28 23:21:56] [WARN] com.kmrug.discordbot.Bot = This command can only be used in a text channel!
[2025-03-28 23:21:56] [ERROR] com.kmrug.discordbot.Bot = [BOT ERROR] Failed to start server: java.io.IOException: Cannot run program "java" (in directory ".\Server"): CreateProcess error=267, The directory name is invalid
[2025-03-28 23:21:56] [WARN] com.kmrug.discordbot.Bot = No server is running.
[2025-03-28 23:21:56] [ERROR] com.kmrug.discordbot.Bot = [BOT ERROR] Failed to start server: java.io.IOException: Cannot run program "java" (in directory ".\Server"): CreateProcess error=267, The directory name is invalid
[2025-03-28 23:21:56] [WARN] com.kmrug.discordbot.Bot = No server is running.
[2025-03-28 23:21:56] [ERROR] com.kmrug.discordbot.Bot = [BOT WARNING] Server process is running, but port is closed.
[2025-03-28 23:21:58] [INFO] com.kmrug.discordbot.Bot = 📊 Players Online: 5/10
[2025-03-28 23:21:58] [WARN] com.kmrug.discordbot.Bot = Received null slash command event or null name.
[2025-03-28 23:21:58] [INFO] com.kmrug.discordbot.Bot = Idle timer started...
[2025-03-28 23:21:58] [WARN] com.kmrug.discordbot.Bot = No players detected for 0 minute(s). Stopping server...
[2025-03-28 23:21:59] [INFO] com.kmrug.discordbot.Bot = Player activity detected! Resetting idle timer...
[2025-03-28 23:21:59] [INFO] com.kmrug.discordbot.Bot = Idle timer started...
[2025-03-28 23:21:59] [INFO] com.kmrug.discordbot.Bot = Idle timer started...
[2025-03-28 23:22:07] [INFO] net.dv8tion.jda.api.JDA = Login Successful!
[2025-03-28 23:22:08] [INFO] net.dv8tion.jda.internal.requests.WebSocketClient = Connected to WebSocket
[2025-03-28 23:22:09] [INFO] net.dv8tion.jda.api.JDA = Finished Loading!
[2025-03-28 23:22:09] [INFO] com.kmrug.discordbot.Bot = Discord bot is online!
[2025-03-28 23:22:49] [ERROR] com.kmrug.discordbot.Bot = [BOT ERROR] Failed to start server: java.io.IOException: Cannot run program "java" (in directory ".\Server"): CreateProcess error=267, The directory name is invalid
[2025-03-28 23:23:47] [INFO] com.kmrug.discordbot.Bot = Server is running and online
[2025-03-28 23:23:47] [WARN] com.kmrug.discordbot.Bot = Minecraft server is already running!
[2025-03-28 23:23:47] [WARN] com.kmrug.discordbot.Bot = This command can only be used in a text channel!
[2025-03-28 23:23:47] [INFO] com.kmrug.discordbot.Bot = Deleted old latest.log
[2025-03-28 23:24:09] [WARN] com.kmrug.discordbot.Bot = No server is running.
[2025-03-28 23:24:09] [INFO] com.kmrug.discordbot.Bot = Deleted old latest.log
[2025-03-28 23:24:10] [WARN] com.kmrug.discordbot.Bot = No server is running.
[2025-03-28 23:24:10] [ERROR] com.kmrug.discordbot.Bot = [BOT WARNING] Server process is running, but port is closed.
[2025-03-28 23:24:12] [INFO] com.kmrug.discordbot.Bot = 📊 Players Online: 5/10
[2025-03-28 23:24:12] [WARN] com.kmrug.discordbot.Bot = Received null slash command event or null name.
[2025-03-28 23:24:12] [INFO] com.kmrug.discordbot.Bot = Idle timer started...
[2025-03-28 23:24:12] [WARN] com.kmrug.discordbot.Bot = No players detected for 0 minute(s). Stopping server...
[2025-03-28 23:24:12] [INFO] com.kmrug.discordbot.Bot = Player activity detected! Resetting idle timer...
[2025-03-28 23:24:12] [INFO] com.kmrug.discordbot.Bot = Idle timer started...
[2025-03-28 23:24:12] [INFO] com.kmrug.discordbot.Bot = Idle timer started...
[2025-03-28 23:24:55] [INFO] com.kmrug.discordbot.Bot = Server is running and online
[2025-03-28 23:24:55] [WARN] com.kmrug.discordbot.Bot = Minecraft server is already running!
[2025-03-28 23:24:55] [WARN] com.kmrug.discordbot.Bot = This command can only be used in a text channel!
[2025-03-28 23:24:55] [INFO] com.kmrug.discordbot.Bot = Deleted old latest.log
[2025-03-28 23:25:51] [INFO] com.kmrug.discordbot.Bot = Server is running and online
[2025-03-28 23:25:51] [WARN] com.kmrug.discordbot.Bot = Minecraft server is already running!
[2025-03-28 23:25:51] [WARN] com.kmrug.discordbot.Bot = This command can only be used in a text channel!
[2025-03-28 23:25:51] [INFO] com.kmrug.discordbot.Bot = Deleted old latest.log
[2025-03-28 23:26:25] [INFO] com.kmrug.discordbot.Bot = Server is running and online
[2025-03-28 23:26:25] [WARN] com.kmrug.discordbot.Bot = Minecraft server is already running!
[2025-03-28 23:26:25] [WARN] com.kmrug.discordbot.Bot = This command can only be used in a text channel!
[2025-03-28 23:26:25] [INFO] com.kmrug.discordbot.Bot = Deleted old latest.log
[2025-03-28 23:28:59] [INFO] com.kmrug.discordbot.Bot = Server is running and online
[2025-03-28 23:28:59] [WARN] com.kmrug.discordbot.Bot = Minecraft server is already running!
[2025-03-28 23:28:59] [WARN] com.kmrug.discordbot.Bot = This command can only be used in a text channel!
[2025-03-28 23:28:59] [INFO] com.kmrug.discordbot.Bot = Deleted old latest.log
[2025-03-28 23:33:58] [INFO] com.kmrug.discordbot.Bot = Server is running and online
[2025-03-28 23:33:58] [WARN] com.kmrug.discordbot.Bot = Minecraft server is already running!
[2025-03-28 23:33:58] [WARN] com.kmrug.discordbot.Bot = This command can only be used in a text channel!
[2025-03-28 23:33:58] [INFO] com.kmrug.discordbot.Bot = Deleted old latest.log
[2025-03-28 23:35:01] [INFO] com.kmrug.discordbot.Bot = ⚠️ Player count not found in logs.
[2025-03-28 23:40:36] [INFO] com.kmrug.discordbot.Bot = ⚠️ Player count not found in logs.
[2025-03-28 23:42:31] [INFO] com.kmrug.discordbot.Bot = 📊 Players Online: 5/10
[2025-03-28 23:42:45] [INFO] com.kmrug.discordbot.Bot = Server is running and online
[2025-03-28 23:42:45] [WARN] com.kmrug.discordbot.Bot = Minecraft server is already running!
[2025-03-28 23:42:45] [WARN] com.kmrug.discordbot.Bot = This command can only be used in a text channel!
[2025-03-28 23:42:45] [INFO] com.kmrug.discordbot.Bot = Deleted old latest.log
[2025-03-28 23:46:53] [INFO] com.kmrug.discordbot.Bot = Server is running and online
[2025-03-28 23:46:53] [WARN] com.kmrug.discordbot.Bot = Minecraft server is already running!
[2025-03-28 23:46:53] [WARN] com.kmrug.discordbot.Bot = This command can only be used in a text channel!
[2025-03-28 23:46:53] [INFO] com.kmrug.discordbot.Bot = Deleting log file at: C:\Users\kisha\Desktop\minecraft-discord-bot\bot\..\Server\logs\latest.log
[2025-03-28 23:46:53] [INFO] com.kmrug.discordbot.Bot = Deleted old latest.log
[2025-03-28 23:52:29] [WARN] com.kmrug.discordbot.Bot = This command can only be used in a text channel!
[2025-03-28 23:52:29] [INFO] com.kmrug.discordbot.Bot = Deleted old latest.log
[2025-03-28 23:53:00] [WARN] com.kmrug.discordbot.Bot = This command can only be used in a text channel!
[2025-03-28 23:53:00] [INFO] com.kmrug.discordbot.Bot = Deleted old latest.log
[2025-03-28 23:56:00] [WARN] com.kmrug.discordbot.Bot = This command can only be used in a text channel!
[2025-03-28 23:56:41] [INFO] com.kmrug.discordbot.Bot = Server is running and online
[2025-03-28 23:56:41] [WARN] com.kmrug.discordbot.Bot = Minecraft server is already running!
[2025-03-28 23:56:41] [WARN] com.kmrug.discordbot.Bot = This command can only be used in a text channel!
[2025-03-28 23:56:41] [WARN] com.kmrug.discordbot.Bot = No server is running.
[2025-03-28 23:56:41] [INFO] com.kmrug.discordbot.Bot = Deleted old latest.log
[2025-03-28 23:57:14] [INFO] com.kmrug.discordbot.Bot = Server is running and online
[2025-03-28 23:57:14] [WARN] com.kmrug.discordbot.Bot = Minecraft server is already running!
[2025-03-28 23:57:14] [WARN] com.kmrug.discordbot.Bot = This command can only be used in a text channel!
[2025-03-28 23:57:14] [WARN] com.kmrug.discordbot.Bot = No server is running.
[2025-03-28 23:57:14] [INFO] com.kmrug.discordbot.Bot = Deleted old latest.log
[2025-03-28 23:58:10] [WARN] com.kmrug.discordbot.Bot = This command can only be used in a text channel!
[2025-03-28 23:58:22] [INFO] com.kmrug.discordbot.Bot = Deleted old latest.log
[2025-03-29 00:09:12] [INFO] com.kmrug.discordbot.Bot = Server is running and online
[2025-03-29 00:09:12] [WARN] com.kmrug.discordbot.Bot = Minecraft server is already running!
[2025-03-29 00:09:12] [WARN] com.kmrug.discordbot.Bot = This command can only be used in a text channel!
[2025-03-29 00:09:12] [WARN] com.kmrug.discordbot.Bot = No server is running.
[2025-03-29 00:09:12] [WARN] com.kmrug.discordbot.Bot = No server is running.
[2025-03-29 00:09:12] [ERROR] com.kmrug.discordbot.Bot = [BOT WARNING] Server process is running, but port is closed.
[2025-03-29 00:09:14] [INFO] com.kmrug.discordbot.Bot = 📊 Players Online: 5/10
[2025-03-29 00:09:47] [INFO] com.kmrug.discordbot.Bot = Server is running and online
[2025-03-29 00:09:47] [WARN] com.kmrug.discordbot.Bot = Minecraft server is already running!
[2025-03-29 00:09:47] [WARN] com.kmrug.discordbot.Bot = This command can only be used in a text channel!
[2025-03-29 00:09:47] [WARN] com.kmrug.discordbot.Bot = No server is running.
[2025-03-29 00:09:47] [WARN] com.kmrug.discordbot.Bot = No server is running.
[2025-03-29 00:09:47] [ERROR] com.kmrug.discordbot.Bot = [BOT WARNING] Server process is running, but port is closed.
[2025-03-29 00:09:48] [INFO] com.kmrug.discordbot.Bot = 📊 Players Online: 5/10
[2025-03-29 00:09:49] [WARN] com.kmrug.discordbot.Bot = Received null slash command event or null name.
[2025-03-29 00:09:49] [INFO] com.kmrug.discordbot.Bot = Idle timer started...
[2025-03-29 00:09:49] [WARN] com.kmrug.discordbot.Bot = No players detected for 0 minute(s). Stopping server...
[2025-03-29 00:09:49] [INFO] com.kmrug.discordbot.Bot = Player activity detected! Resetting idle timer...
[2025-03-29 00:09:49] [INFO] com.kmrug.discordbot.Bot = Idle timer started...
[2025-03-29 00:09:49] [INFO] com.kmrug.discordbot.Bot = Idle timer started...
[2025-03-29 00:10:02] [INFO] net.dv8tion.jda.api.JDA = Login Successful!
[2025-03-29 00:10:02] [INFO] net.dv8tion.jda.internal.requests.WebSocketClient = Connected to WebSocket
[2025-03-29 00:10:03] [INFO] net.dv8tion.jda.api.JDA = Finished Loading!
[2025-03-29 00:10:03] [INFO] com.kmrug.discordbot.Bot = Discord bot is online!
[2025-03-29 00:10:05] [INFO] com.kmrug.discordbot.Bot = Deleted old latest.log
[2025-03-29 00:12:06] [WARN] net.dv8tion.jda.internal.requests.WebSocketClient = Missed 2 heartbeats! Trying to reconnect...
[2025-03-29 00:12:06] [ERROR] com.kmrug.discordbot.Bot = [BOT ERROR] Failed to start server: java.lang.InterruptedException: sleep interrupted
[2025-03-29 00:14:18] [INFO] com.kmrug.discordbot.Bot = Server is running and online
[2025-03-29 00:14:18] [WARN] com.kmrug.discordbot.Bot = Minecraft server is already running!
[2025-03-29 00:14:18] [WARN] com.kmrug.discordbot.Bot = This command can only be used in a text channel!
[2025-03-29 00:14:18] [WARN] com.kmrug.discordbot.Bot = No server is running.
[2025-03-29 00:14:18] [WARN] com.kmrug.discordbot.Bot = No server is running.
[2025-03-29 00:14:18] [ERROR] com.kmrug.discordbot.Bot = [BOT WARNING] Server process is running, but port is closed.
[2025-03-29 00:14:20] [INFO] com.kmrug.discordbot.Bot = 📊 Players Online: 5/10
[2025-03-29 00:14:20] [WARN] com.kmrug.discordbot.Bot = Received null slash command event or null name.
[2025-03-29 00:14:20] [INFO] com.kmrug.discordbot.Bot = Idle timer started...
[2025-03-29 00:14:20] [WARN] com.kmrug.discordbot.Bot = No players detected for 0 minute(s). Stopping server...
[2025-03-29 00:14:21] [INFO] com.kmrug.discordbot.Bot = Player activity detected! Resetting idle timer...
[2025-03-29 00:14:21] [INFO] com.kmrug.discordbot.Bot = Idle timer started...
[2025-03-29 00:14:21] [INFO] com.kmrug.discordbot.Bot = Idle timer started...
[2025-03-29 00:14:31] [INFO] net.dv8tion.jda.api.JDA = Login Successful!
[2025-03-29 00:14:32] [INFO] net.dv8tion.jda.internal.requests.WebSocketClient = Connected to WebSocket
[2025-03-29 00:14:33] [INFO] net.dv8tion.jda.api.JDA = Finished Loading!
[2025-03-29 00:14:33] [INFO] com.kmrug.discordbot.Bot = Discord bot is online!
[2025-03-29 00:14:38] [ERROR] com.kmrug.discordbot.Bot = [BOT ERROR] Failed to start server: java.io.IOException: Cannot run program "java" (in directory ".\Server"): CreateProcess error=267, The directory name is invalid
[2025-03-29 00:15:04] [INFO] com.kmrug.discordbot.Bot = Server is running and online
[2025-03-29 00:15:04] [WARN] com.kmrug.discordbot.Bot = Minecraft server is already running!
[2025-03-29 00:15:04] [WARN] com.kmrug.discordbot.Bot = This command can only be used in a text channel!
[2025-03-29 00:15:04] [WARN] com.kmrug.discordbot.Bot = No server is running.
[2025-03-29 00:15:04] [WARN] com.kmrug.discordbot.Bot = No server is running.
[2025-03-29 00:15:04] [ERROR] com.kmrug.discordbot.Bot = [BOT WARNING] Server process is running, but port is closed.
[2025-03-29 00:15:06] [INFO] com.kmrug.discordbot.Bot = 📊 Players Online: 5/10
[2025-03-29 00:15:06] [WARN] com.kmrug.discordbot.Bot = Received null slash command event or null name.
[2025-03-29 00:15:06] [INFO] com.kmrug.discordbot.Bot = Idle timer started...
[2025-03-29 00:15:06] [WARN] com.kmrug.discordbot.Bot = No players detected for 0 minute(s). Stopping server...
[2025-03-29 00:15:07] [INFO] com.kmrug.discordbot.Bot = Player activity detected! Resetting idle timer...
[2025-03-29 00:15:07] [INFO] com.kmrug.discordbot.Bot = Idle timer started...
[2025-03-29 00:15:07] [INFO] com.kmrug.discordbot.Bot = Idle timer started...
[2025-03-29 00:15:17] [INFO] net.dv8tion.jda.api.JDA = Login Successful!
[2025-03-29 00:15:17] [INFO] net.dv8tion.jda.internal.requests.WebSocketClient = Connected to WebSocket
[2025-03-29 00:15:18] [INFO] net.dv8tion.jda.api.JDA = Finished Loading!
[2025-03-29 00:15:18] [INFO] com.kmrug.discordbot.Bot = Discord bot is online!
[2025-03-29 00:15:24] [INFO] com.kmrug.discordbot.Bot = Deleted old latest.log
[2025-03-29 00:17:21] [WARN] net.dv8tion.jda.internal.requests.WebSocketClient = Missed 2 heartbeats! Trying to reconnect...
[2025-03-29 00:17:21] [ERROR] com.kmrug.discordbot.Bot = [BOT ERROR] Failed to start server: java.lang.InterruptedException: sleep interrupted
[2025-03-29 00:23:41] [INFO] com.kmrug.discordbot.Bot = Server is running and online
[2025-03-29 00:23:41] [WARN] com.kmrug.discordbot.Bot = Minecraft server is already running!
[2025-03-29 00:23:41] [WARN] com.kmrug.discordbot.Bot = This command can only be used in a text channel!
[2025-03-29 00:23:41] [WARN] com.kmrug.discordbot.Bot = No server is running.
[2025-03-29 00:23:41] [WARN] com.kmrug.discordbot.Bot = No server is running.
[2025-03-29 00:23:41] [ERROR] com.kmrug.discordbot.Bot = [BOT WARNING] Server process is running, but port is closed.
[2025-03-29 00:23:43] [INFO] com.kmrug.discordbot.Bot = 📊 Players Online: 5/10
[2025-03-29 00:25:18] [WARN] com.kmrug.discordbot.Bot = Minecraft server is already running!
[2025-03-29 00:25:44] [WARN] com.kmrug.discordbot.Bot = This command can only be used in a text channel!
[2025-03-29 00:26:36] [INFO] com.kmrug.discordbot.Bot = Server is running and online
[2025-03-29 00:26:36] [WARN] com.kmrug.discordbot.Bot = Minecraft server is already running!
[2025-03-29 00:26:36] [WARN] com.kmrug.discordbot.Bot = This command can only be used in a text channel!
[2025-03-29 00:26:36] [WARN] com.kmrug.discordbot.Bot = No server is running.
[2025-03-29 00:26:36] [WARN] com.kmrug.discordbot.Bot = No server is running.
[2025-03-29 00:26:36] [ERROR] com.kmrug.discordbot.Bot = [BOT WARNING] Server process is running, but port is closed.
[2025-03-29 00:26:38] [INFO] com.kmrug.discordbot.Bot = 📊 Players Online: 5/10
[2025-03-29 00:26:38] [WARN] com.kmrug.discordbot.Bot = Received null slash command event or null name.
[2025-03-29 00:26:38] [INFO] com.kmrug.discordbot.Bot = Idle timer started...
[2025-03-29 00:26:38] [WARN] com.kmrug.discordbot.Bot = No players detected for 0 minute(s). Stopping server...
[2025-03-29 00:26:39] [INFO] com.kmrug.discordbot.Bot = Player activity detected! Resetting idle timer...
[2025-03-29 00:26:39] [INFO] com.kmrug.discordbot.Bot = Idle timer started...
[2025-03-29 00:26:39] [INFO] com.kmrug.discordbot.Bot = Idle timer started...
[2025-03-29 00:26:50] [INFO] net.dv8tion.jda.api.JDA = Login Successful!
[2025-03-29 00:26:50] [INFO] net.dv8tion.jda.internal.requests.WebSocketClient = Connected to WebSocket
[2025-03-29 00:26:51] [INFO] net.dv8tion.jda.api.JDA = Finished Loading!
[2025-03-29 00:26:51] [INFO] com.kmrug.discordbot.Bot = Discord bot is online!
[2025-03-29 00:26:56] [INFO] com.kmrug.discordbot.Bot = Deleted old latest.log
[2025-03-29 00:28:21] [INFO] net.dv8tion.jda.api.JDA = Login Successful!
[2025-03-29 00:28:21] [INFO] net.dv8tion.jda.internal.requests.WebSocketClient = Connected to WebSocket
[2025-03-29 00:28:22] [INFO] net.dv8tion.jda.api.JDA = Finished Loading!
[2025-03-29 00:28:22] [INFO] com.kmrug.discordbot.Bot = Discord bot is online!
[2025-03-29 00:28:24] [INFO] com.kmrug.discordbot.Bot = Deleted old latest.log
[2025-03-29 00:31:06] [INFO] net.dv8tion.jda.api.JDA = Login Successful!
[2025-03-29 00:31:07] [INFO] net.dv8tion.jda.internal.requests.WebSocketClient = Connected to WebSocket
[2025-03-29 00:31:07] [INFO] net.dv8tion.jda.api.JDA = Finished Loading!
[2025-03-29 00:31:07] [INFO] com.kmrug.discordbot.Bot = Discord bot is online!
[2025-03-29 00:31:11] [INFO] com.kmrug.discordbot.Bot = Deleted old latest.log
[2025-03-29 00:34:40] [INFO] net.dv8tion.jda.api.JDA = Login Successful!
[2025-03-29 00:34:41] [INFO] net.dv8tion.jda.internal.requests.WebSocketClient = Connected to WebSocket
[2025-03-29 00:34:41] [INFO] net.dv8tion.jda.api.JDA = Finished Loading!
[2025-03-29 00:34:41] [INFO] com.kmrug.discordbot.Bot = Discord bot is online!
[2025-03-29 00:35:05] [INFO] com.kmrug.discordbot.Bot = Idle timer started...
[2025-03-29 00:35:06] [ERROR] com.kmrug.discordbot.Bot = [BOT ERROR] Failed to read latest.log: java.io.FileNotFoundException: .\Server\logs\latest.log (The system cannot find the path specified)
[2025-03-29 00:36:57] [INFO] net.dv8tion.jda.api.JDA = Login Successful!
[2025-03-29 00:36:57] [INFO] net.dv8tion.jda.internal.requests.WebSocketClient = Connected to WebSocket
[2025-03-29 00:36:58] [INFO] net.dv8tion.jda.api.JDA = Finished Loading!
[2025-03-29 00:36:58] [INFO] com.kmrug.discordbot.Bot = Discord bot is online!
[2025-03-29 00:37:29] [INFO] com.kmrug.discordbot.Bot = Idle timer started...
[2025-03-29 00:37:31] [ERROR] com.kmrug.discordbot.Bot = [BOT ERROR] Failed to read latest.log: java.io.FileNotFoundException: .\Server\logs\latest.log (The system cannot find the path specified)
[2025-03-29 00:39:34] [INFO] net.dv8tion.jda.api.JDA = Login Successful!
[2025-03-29 00:39:35] [INFO] net.dv8tion.jda.internal.requests.WebSocketClient = Connected to WebSocket
[2025-03-29 00:39:35] [INFO] net.dv8tion.jda.api.JDA = Finished Loading!
[2025-03-29 00:39:35] [INFO] com.kmrug.discordbot.Bot = Discord bot is online!
[2025-03-29 00:39:39] [ERROR] com.kmrug.discordbot.Bot = [BOT ERROR] Failed to start server: java.io.IOException: Cannot run program "java" (in directory ".\Server"): CreateProcess error=267, The directory name is invalid
[2025-03-29 00:40:46] [INFO] net.dv8tion.jda.api.JDA = Login Successful!
[2025-03-29 00:40:46] [INFO] net.dv8tion.jda.internal.requests.WebSocketClient = Connected to WebSocket
[2025-03-29 00:40:47] [INFO] net.dv8tion.jda.api.JDA = Finished Loading!
[2025-03-29 00:40:47] [INFO] com.kmrug.discordbot.Bot = Discord bot is online!
[2025-03-29 00:40:52] [INFO] com.kmrug.discordbot.Bot = Deleted old latest.log
[2025-03-29 00:41:08] [INFO] com.kmrug.discordbot.Bot = Idle timer started...
[2025-03-29 00:41:10] [ERROR] com.kmrug.discordbot.Bot = [BOT ERROR] Failed to read latest.log: java.io.FileNotFoundException: .\Server\logs\latest.log (The system cannot find the path specified)
[2025-03-29 00:42:44] [INFO] net.dv8tion.jda.api.JDA = Login Successful!
[2025-03-29 00:42:44] [INFO] net.dv8tion.jda.internal.requests.WebSocketClient = Connected to WebSocket
[2025-03-29 00:42:44] [INFO] net.dv8tion.jda.api.JDA = Finished Loading!
[2025-03-29 00:42:45] [INFO] com.kmrug.discordbot.Bot = Discord bot is online!
[2025-03-29 00:42:49] [INFO] com.kmrug.discordbot.Bot = Deleted old latest.log
[2025-03-29 00:43:05] [INFO] com.kmrug.discordbot.Bot = Idle timer started...
[2025-03-29 00:43:07] [ERROR] com.kmrug.discordbot.Bot = [BOT ERROR] Failed to read latest.log: java.io.FileNotFoundException: .\Server\logs\latest.log (The system cannot find the path specified)
[2025-03-29 00:44:50] [INFO] net.dv8tion.jda.api.JDA = Login Successful!
[2025-03-29 00:44:50] [INFO] net.dv8tion.jda.internal.requests.WebSocketClient = Connected to WebSocket
[2025-03-29 00:44:51] [INFO] net.dv8tion.jda.api.JDA = Finished Loading!
[2025-03-29 00:44:51] [INFO] com.kmrug.discordbot.Bot = Discord bot is online!
[2025-03-29 00:44:57] [INFO] com.kmrug.discordbot.Bot = Deleted old latest.log
[2025-03-29 00:45:14] [INFO] com.kmrug.discordbot.Bot = Idle timer started...
[2025-03-29 00:45:15] [ERROR] com.kmrug.discordbot.Bot = [BOT ERROR] Failed to read latest.log: java.io.FileNotFoundException: .\Server\logs\latest.log (The system cannot find the path specified)
[2025-03-29 01:08:11] [INFO] com.kmrug.discordbot.Bot = Server is running and online
[2025-03-29 01:08:11] [WARN] com.kmrug.discordbot.Bot = Minecraft server is already running!
[2025-03-29 01:08:11] [WARN] com.kmrug.discordbot.Bot = This command can only be used in a text channel!
[2025-03-29 01:08:11] [WARN] com.kmrug.discordbot.Bot = No server is running.
[2025-03-29 01:08:11] [WARN] com.kmrug.discordbot.Bot = No server is running.
[2025-03-29 01:08:11] [ERROR] com.kmrug.discordbot.Bot = [BOT WARNING] Server process is running, but port is closed.
[2025-03-29 01:08:12] [INFO] com.kmrug.discordbot.Bot = 📊 Players Online: 5/10
[2025-03-29 01:08:12] [WARN] com.kmrug.discordbot.Bot = Received null slash command event or null name.
[2025-03-29 01:08:13] [INFO] com.kmrug.discordbot.Bot = Idle timer started...
[2025-03-29 01:08:13] [WARN] com.kmrug.discordbot.Bot = No players detected for 0 minute(s). Stopping server...
[2025-03-29 01:08:13] [INFO] com.kmrug.discordbot.Bot = Player activity detected! Resetting idle timer...
[2025-03-29 01:08:13] [INFO] com.kmrug.discordbot.Bot = Idle timer started...
[2025-03-29 01:08:13] [INFO] com.kmrug.discordbot.Bot = Idle timer started...
[2025-03-29 01:08:28] [INFO] net.dv8tion.jda.api.JDA = Login Successful!
[2025-03-29 01:08:28] [INFO] net.dv8tion.jda.internal.requests.WebSocketClient = Connected to WebSocket
[2025-03-29 01:08:29] [INFO] net.dv8tion.jda.api.JDA = Finished Loading!
[2025-03-29 01:08:29] [INFO] com.kmrug.discordbot.Bot = Discord bot is online!
[2025-03-29 01:08:38] [INFO] com.kmrug.discordbot.Bot = Deleted old latest.log
[2025-03-29 01:08:55] [INFO] com.kmrug.discordbot.Bot = Idle timer started...
[2025-03-29 01:09:06] [INFO] com.kmrug.discordbot.Bot = Server is running and online
[2025-03-29 01:09:11] [INFO] com.kmrug.discordbot.Bot = 📊 Players Online: 0/20
[2025-03-29 01:09:19] [INFO] com.kmrug.discordbot.Bot = Minecraft server stopped with exit code: 0
[2025-03-29 01:09:19] [ERROR] com.kmrug.discordbot.Bot = [BOT ERROR] I/O Exception while stopping server: java.nio.file.NoSuchFileException: ..\Server\logs\latest.log -> .\Server\logs\log_2025-03-29_01-08-38.log
[2025-03-29 01:09:19] [INFO] com.kmrug.discordbot.Bot = Restarting Minecraft server...
[2025-03-29 01:09:19] [INFO] com.kmrug.discordbot.Bot = Deleted old latest.log
[2025-03-29 01:09:35] [INFO] com.kmrug.discordbot.Bot = Idle timer started...
[2025-03-29 01:09:42] [WARN] com.kmrug.discordbot.Bot = Minecraft server is already running!
[2025-03-29 01:09:46] [INFO] com.kmrug.discordbot.Bot = Minecraft server stopped with exit code: 0
[2025-03-29 01:09:46] [ERROR] com.kmrug.discordbot.Bot = [BOT ERROR] I/O Exception while stopping server: java.nio.file.NoSuchFileException: ..\Server\logs\latest.log -> .\Server\logs\log_2025-03-29_01-09-19.log
[2025-03-29 01:14:56] [INFO] com.kmrug.discordbot.Bot = Server is running and online
[2025-03-29 01:14:56] [WARN] com.kmrug.discordbot.Bot = Minecraft server is already running!
[2025-03-29 01:14:56] [WARN] com.kmrug.discordbot.Bot = This command can only be used in a text channel!
[2025-03-29 01:14:56] [WARN] com.kmrug.discordbot.Bot = No server is running.
[2025-03-29 01:14:56] [WARN] com.kmrug.discordbot.Bot = No server is running.
[2025-03-29 01:14:56] [ERROR] com.kmrug.discordbot.Bot = [BOT WARNING] Server process is running, but port is closed.
[2025-03-29 01:14:58] [INFO] com.kmrug.discordbot.Bot = 📊 Players Online: 5/10
[2025-03-29 01:14:58] [WARN] com.kmrug.discordbot.Bot = Received null slash command event or null name.
[2025-03-29 01:14:58] [INFO] com.kmrug.discordbot.Bot = Idle timer started...
[2025-03-29 01:14:58] [WARN] com.kmrug.discordbot.Bot = No players detected for 0 minute(s). Stopping server...
[2025-03-29 01:14:58] [INFO] com.kmrug.discordbot.Bot = Player activity detected! Resetting idle timer...
[2025-03-29 01:14:58] [INFO] com.kmrug.discordbot.Bot = Idle timer started...
[2025-03-29 01:14:58] [INFO] com.kmrug.discordbot.Bot = Idle timer started...
[2025-03-29 01:15:10] [INFO] net.dv8tion.jda.api.JDA = Login Successful!
[2025-03-29 01:15:10] [INFO] net.dv8tion.jda.internal.requests.WebSocketClient = Connected to WebSocket
[2025-03-29 01:15:11] [INFO] net.dv8tion.jda.api.JDA = Finished Loading!
[2025-03-29 01:15:11] [INFO] com.kmrug.discordbot.Bot = Discord bot is online!
[2025-03-29 01:15:15] [INFO] com.kmrug.discordbot.Bot = Deleted old latest.log
[2025-03-29 01:15:32] [INFO] com.kmrug.discordbot.Bot = Idle timer started...
[2025-03-29 01:15:41] [INFO] com.kmrug.discordbot.Bot = 📊 Players Online: 0/20
[2025-03-29 01:15:43] [INFO] com.kmrug.discordbot.Bot = Server is running and online
[2025-03-29 01:15:50] [INFO] com.kmrug.discordbot.Bot = Minecraft server stopped with exit code: 0
[2025-03-29 01:15:50] [INFO] com.kmrug.discordbot.Bot = Log file renamed to: log_2025-03-29_01-15-15.log
[2025-03-29 01:15:50] [INFO] com.kmrug.discordbot.Bot = Minecraft server has safely shut down.
[2025-03-29 01:20:30] [INFO] com.kmrug.discordbot.Bot = Server is running and online
[2025-03-29 01:20:30] [WARN] com.kmrug.discordbot.Bot = Minecraft server is already running!
[2025-03-29 01:20:30] [WARN] com.kmrug.discordbot.Bot = This command can only be used in a text channel!
[2025-03-29 01:20:30] [WARN] com.kmrug.discordbot.Bot = No server is running.
[2025-03-29 01:20:30] [WARN] com.kmrug.discordbot.Bot = No server is running.
[2025-03-29 01:20:30] [ERROR] com.kmrug.discordbot.Bot = [BOT WARNING] Server process is running, but port is closed.
[2025-03-29 01:20:32] [INFO] com.kmrug.discordbot.Bot = 📊 Players Online: 5/10
